<?xml version="1.0" encoding="UTF-8"?>
<!-- Generated by org.testng.reporters.JUnitReportReporter -->
<testsuite name="com.email.scripts.CopyDataToExcel" tests="1" time="354.047" ignored="0" failures="0" timestamp="17 Jan 2017 18:28:35 GMT" skipped="0" hostname="PPC05536" errors="0">
  <testcase name="getFields" time="354.047" classname="com.email.scripts.CopyDataToExcel"/>
</testsuite> <!-- com.email.scripts.CopyDataToExcel -->
